<?xml version="1.0" encoding="UTF-8"?>
<testng-results total="1" passed="1" failed="0" skipped="0">
  <reporter-output>
  </reporter-output>
  <suite started-at="2022-01-16T14:03:26Z" name="Sample Test Suite" finished-at="2022-01-16T14:03:47Z" duration-ms="20961">
    <groups>
    </groups>
    <test started-at="2022-01-16T14:03:26Z" name="Test Automation" finished-at="2022-01-16T14:03:47Z" duration-ms="20961">
      <class name="com.evaluation.testCases.WebAutomation_Case3">
        <test-method is-config="true" signature="beforeTestMethod()[pri:0, instance:com.evaluation.testCases.WebAutomation_Case3@32910148]" started-at="2022-01-16T19:33:26Z" name="beforeTestMethod" finished-at="2022-01-16T19:33:26Z" duration-ms="160" status="PASS">
          <reporter-output>
          </reporter-output>
        </test-method> <!-- beforeTestMethod -->
        <test-method is-config="true" signature="beforeMethodMethod(java.lang.String, java.lang.reflect.Method)[pri:0, instance:com.evaluation.testCases.WebAutomation_Case3@32910148]" started-at="2022-01-16T19:33:26Z" name="beforeMethodMethod" finished-at="2022-01-16T19:33:33Z" duration-ms="6232" status="PASS">
          <params>
            <param index="0">
              <value>
                <![CDATA[chrome]]>
              </value>
            </param>
            <param index="1">
              <value>
                <![CDATA[public void com.evaluation.testCases.WebAutomation_Case3.performBookOperation()]]>
              </value>
            </param>
          </params>
          <reporter-output>
          </reporter-output>
        </test-method> <!-- beforeMethodMethod -->
        <test-method signature="performBookOperation()[pri:0, instance:com.evaluation.testCases.WebAutomation_Case3@32910148]" started-at="2022-01-16T19:33:33Z" name="performBookOperation" finished-at="2022-01-16T19:33:46Z" duration-ms="13674" status="PASS">
          <reporter-output>
          </reporter-output>
        </test-method> <!-- performBookOperation -->
        <test-method is-config="true" signature="afterMethodMethod(org.testng.ITestResult)[pri:0, instance:com.evaluation.testCases.WebAutomation_Case3@32910148]" started-at="2022-01-16T19:33:46Z" name="afterMethodMethod" finished-at="2022-01-16T19:33:47Z" duration-ms="506" status="PASS">
          <params>
            <param index="0">
              <value>
                <![CDATA[[TestResult name=performBookOperation status=SUCCESS method=WebAutomation_Case3.performBookOperation()[pri:0, instance:com.evaluation.testCases.WebAutomation_Case3@32910148] output={null}]]]>
              </value>
            </param>
          </params>
          <reporter-output>
          </reporter-output>
        </test-method> <!-- afterMethodMethod -->
        <test-method is-config="true" signature="afterTestMethod()[pri:0, instance:com.evaluation.testCases.WebAutomation_Case3@32910148]" started-at="2022-01-16T19:33:47Z" name="afterTestMethod" finished-at="2022-01-16T19:33:47Z" duration-ms="373" status="PASS">
          <reporter-output>
          </reporter-output>
        </test-method> <!-- afterTestMethod -->
      </class> <!-- com.evaluation.testCases.WebAutomation_Case3 -->
    </test> <!-- Test Automation -->
  </suite> <!-- Sample Test Suite -->
</testng-results>
