<?xml version="1.0" encoding="UTF-8"?>
<testng-results total="1" passed="1" failed="0" skipped="0">
  <reporter-output>
  </reporter-output>
  <suite started-at="2022-01-16T13:54:08Z" name="Default suite" finished-at="2022-01-16T13:54:24Z" duration-ms="16079">
    <groups>
    </groups>
    <test started-at="2022-01-16T13:54:08Z" name="Default test" finished-at="2022-01-16T13:54:24Z" duration-ms="16079">
      <class name="com.api.test.TC_001_Get">
        <test-method signature="verifyName()[pri:0, instance:com.api.test.TC_001_Get@46b61c56]" started-at="2022-01-16T19:24:08Z" name="verifyName" finished-at="2022-01-16T19:24:24Z" duration-ms="16062" status="PASS">
          <reporter-output>
          </reporter-output>
        </test-method> <!-- verifyName -->
      </class> <!-- com.api.test.TC_001_Get -->
    </test> <!-- Default test -->
  </suite> <!-- Default suite -->
</testng-results>
